   Compiling GroundStation_Inclita v0.1.0 (/home/sofiadeck/R_D_Software_Ground_Station_Inclita_2026)
error[E0583]: file not found for module `data`
  --> src/main.rs:14:1
   |
14 | mod data; 
   | ^^^^^^^^^
   |
   = help: to create the module `data`, create file "src/data.rs" or "src/data/mod.rs"
   = note: if there is a `mod data` elsewhere in the crate already, import it with `use crate::...` instead

error[E0433]: failed to resolve: could not find `telemetry` in the crate root
  --> src/handlers/sockets_handler.rs:13:12
   |
13 | use crate::telemetry::data::Telemetry;
   |            ^^^^^^^^^ could not find `telemetry` in the crate root

error[E0425]: cannot find type `Json` in this scope
   --> src/main.rs:110:32
    |
110 | async fn mock_ingest(_request: Json<String>) -> String {
    |                                ^^^^ not found in this scope
    |
help: consider importing this struct
    |
  1 + use axum::Json;
    |

warning: unused imports: `HardwareError` and `LoRaHandle`
  --> src/handlers/sockets_handler.rs:12:27
   |
12 | use crate::hardware_cfg::{HardwareError, Hardware, LoRaHandle}; // Import from hardware module
   |                           ^^^^^^^^^^^^^            ^^^^^^^^^^
   |
   = note: `#[warn(unused_imports)]` (part of `#[warn(unused)]`) on by default

warning: unused import: `Trigger`
 --> src/hardware_cfg.rs:4:25
  |
4 | use rppal::gpio::{Gpio, Trigger, OutputPin as RppalOutputPin};
  |                         ^^^^^^^

warning: unused import: `std::sync::Arc`
 --> src/hardware_cfg.rs:6:5
  |
6 | use std::sync::Arc;
  |     ^^^^^^^^^^^^^^

error[E0599]: no method named `clone` found for struct `Spi` in the current scope
  --> src/hardware_cfg.rs:95:34
   |
95 |         match LoRa::new(self.spi.clone(), cs, rst, 868, Duration::from_millis(10)) {
   |                                  ^^^^^ method not found in `Spi`

error[E0277]: the trait bound `rppal::gpio::OutputPin: embedded_hal::digital::v2::OutputPin` is not satisfied
   --> src/hardware_cfg.rs:95:43
    |
 95 |         match LoRa::new(self.spi.clone(), cs, rst, 868, Duration::from_millis(10)) {
    |               ---------                   ^^ the trait `_embedded_hal_digital_OutputPin` is not implemented for `rppal::gpio::OutputPin`
    |               |
    |               required by a bound introduced by this call
    |
note: there are multiple different versions of crate `embedded_hal` in the dependency graph
   --> /home/sofiadeck/.cargo/registry/src/index.crates.io-1949cf8c6b5b557f/embedded-hal-0.2.7/src/digital/v1.rs:13:1
    |
 13 | pub trait OutputPin {
    | ^^^^^^^^^^^^^^^^^^^ this is the expected trait
    |
   ::: /home/sofiadeck/.cargo/registry/src/index.crates.io-1949cf8c6b5b557f/embedded-hal-1.0.0/src/digital.rs:124:1
    |
124 | pub trait OutputPin: ErrorType {
    | ------------------------------ this is the trait that was imported
    = help: you can use `cargo tree` to explore your dependency tree
help: the trait `_embedded_hal_digital_OutputPin` is implemented for `OldOutputPin<T>`
   --> /home/sofiadeck/.cargo/registry/src/index.crates.io-1949cf8c6b5b557f/embedded-hal-0.2.7/src/digital/v1_compat.rs:76:1
    |
 76 | / impl<T, E> v1::OutputPin for OldOutputPin<T>
 77 | | where
 78 | |     T: v2::OutputPin<Error = E>,
 79 | |     E: core::fmt::Debug,
    | |________________________^
    = note: required for `rppal::gpio::OutputPin` to implement `embedded_hal::digital::v2::OutputPin`
note: required by a bound in `LoRa::<SPI, CS, RESET, DELAY>::new`
   --> /home/sofiadeck/.cargo/registry/src/index.crates.io-1949cf8c6b5b557f/sx127x_lora-0.3.1/src/lib.rs:191:15
    |
191 |           CS: OutputPin, RESET: OutputPin, DELAY: DelayMs<u8>{
    |               ^^^^^^^^^ required by this bound in `LoRa::<SPI, CS, RESET, DELAY>::new`
...
194 |     pub fn new(spi: SPI, cs: CS, reset: RESET, frequency: i64, delay: DELAY)
    |            --- required by a bound in this associated function

error[E0277]: the trait bound `rppal::gpio::OutputPin: embedded_hal::digital::v2::OutputPin` is not satisfied
   --> src/hardware_cfg.rs:95:47
    |
 95 |         match LoRa::new(self.spi.clone(), cs, rst, 868, Duration::from_millis(10)) {
    |               ---------                       ^^^ the trait `_embedded_hal_digital_OutputPin` is not implemented for `rppal::gpio::OutputPin`
    |               |
    |               required by a bound introduced by this call
    |
note: there are multiple different versions of crate `embedded_hal` in the dependency graph
   --> /home/sofiadeck/.cargo/registry/src/index.crates.io-1949cf8c6b5b557f/embedded-hal-0.2.7/src/digital/v1.rs:13:1
    |
 13 | pub trait OutputPin {
    | ^^^^^^^^^^^^^^^^^^^ this is the expected trait
    |
   ::: /home/sofiadeck/.cargo/registry/src/index.crates.io-1949cf8c6b5b557f/embedded-hal-1.0.0/src/digital.rs:124:1
    |
124 | pub trait OutputPin: ErrorType {
    | ------------------------------ this is the trait that was imported
    = help: you can use `cargo tree` to explore your dependency tree
help: the trait `_embedded_hal_digital_OutputPin` is implemented for `OldOutputPin<T>`
   --> /home/sofiadeck/.cargo/registry/src/index.crates.io-1949cf8c6b5b557f/embedded-hal-0.2.7/src/digital/v1_compat.rs:76:1
    |
 76 | / impl<T, E> v1::OutputPin for OldOutputPin<T>
 77 | | where
 78 | |     T: v2::OutputPin<Error = E>,
 79 | |     E: core::fmt::Debug,
    | |________________________^
    = note: required for `rppal::gpio::OutputPin` to implement `embedded_hal::digital::v2::OutputPin`
note: required by a bound in `LoRa::<SPI, CS, RESET, DELAY>::new`
   --> /home/sofiadeck/.cargo/registry/src/index.crates.io-1949cf8c6b5b557f/sx127x_lora-0.3.1/src/lib.rs:191:33
    |
191 |           CS: OutputPin, RESET: OutputPin, DELAY: DelayMs<u8>{
    |                                 ^^^^^^^^^ required by this bound in `LoRa::<SPI, CS, RESET, DELAY>::new`
...
194 |     pub fn new(spi: SPI, cs: CS, reset: RESET, frequency: i64, delay: DELAY)
    |            --- required by a bound in this associated function

error[E0277]: the trait bound `Duration: DelayMs<u8>` is not satisfied
   --> src/hardware_cfg.rs:95:57
    |
 95 |         match LoRa::new(self.spi.clone(), cs, rst, 868, Duration::from_millis(10)) {
    |               ---------                                 ^^^^^^^^^^^^^^^^^^^^^^^^^ the trait `DelayMs<u8>` is not implemented for `Duration`
    |               |
    |               required by a bound introduced by this call
    |
note: required by a bound in `LoRa::<SPI, CS, RESET, DELAY>::new`
   --> /home/sofiadeck/.cargo/registry/src/index.crates.io-1949cf8c6b5b557f/sx127x_lora-0.3.1/src/lib.rs:191:51
    |
191 |           CS: OutputPin, RESET: OutputPin, DELAY: DelayMs<u8>{
    |                                                   ^^^^^^^^^^^ required by this bound in `LoRa::<SPI, CS, RESET, DELAY>::new`
...
194 |     pub fn new(spi: SPI, cs: CS, reset: RESET, frequency: i64, delay: DELAY)
    |            --- required by a bound in this associated function

error[E0277]: the trait bound `rppal::gpio::OutputPin: _embedded_hal_digital_OutputPin` is not satisfied
   --> src/hardware_cfg.rs:95:15
    |
 95 |         match LoRa::new(self.spi.clone(), cs, rst, 868, Duration::from_millis(10)) {
    |               ^^^^^^^^^^^^^^^^^^^^^^^^^^^^^^^^^^^^^^^^^^^^^^^^^^^^^^^^^^^^^^^^^^^^ the trait `_embedded_hal_digital_OutputPin` is not implemented for `rppal::gpio::OutputPin`
    |
note: there are multiple different versions of crate `embedded_hal` in the dependency graph
   --> /home/sofiadeck/.cargo/registry/src/index.crates.io-1949cf8c6b5b557f/embedded-hal-0.2.7/src/digital/v1.rs:13:1
    |
 13 | pub trait OutputPin {
    | ^^^^^^^^^^^^^^^^^^^ this is the expected trait
    |
   ::: /home/sofiadeck/.cargo/registry/src/index.crates.io-1949cf8c6b5b557f/embedded-hal-1.0.0/src/digital.rs:124:1
    |
124 | pub trait OutputPin: ErrorType {
    | ------------------------------ this is the trait that was imported
    = help: you can use `cargo tree` to explore your dependency tree
help: the trait `_embedded_hal_digital_OutputPin` is implemented for `OldOutputPin<T>`
   --> /home/sofiadeck/.cargo/registry/src/index.crates.io-1949cf8c6b5b557f/embedded-hal-0.2.7/src/digital/v1_compat.rs:76:1
    |
 76 | / impl<T, E> v1::OutputPin for OldOutputPin<T>
 77 | | where
 78 | |     T: v2::OutputPin<Error = E>,
 79 | |     E: core::fmt::Debug,
    | |________________________^
    = note: required for `rppal::gpio::OutputPin` to implement `embedded_hal::digital::v2::OutputPin`

error[E0599]: no method named `transmit` found for struct `LoRa<SPI, CS, RESET, DELAY>` in the current scope
   --> src/hardware_cfg.rs:110:26
    |
110 |             handle.radio.transmit(cmd.as_bytes())
    |                          ^^^^^^^^ method not found in `LoRa<Spi, rppal::gpio::OutputPin, rppal::gpio::OutputPin, Duration>`

error[E0308]: mismatched types
  --> src/main.rs:50:28
   |
50 |                     if let Ok(mut hw) = ingest_state.hardware.blocking_lock() {
   |                            ^^^^^^^^^^   ------------------------------------- this expression has type `tokio::sync::MutexGuard<'_, Hardware>`
   |                            |
   |                            expected `MutexGuard<'_, Hardware>`, found `Result<_, _>`
   |
   = note: expected struct `tokio::sync::MutexGuard<'_, Hardware>`
                found enum `Result<_, _>`

error[E0277]: the size for values of type `[u8]` cannot be known at compilation time
   --> src/main.rs:56:40
    |
 56 | ...                   if let Ok(buffer) = handle.radio.read_packet() {
    |                              ^^^^^^^^^^ doesn't have a size known at compile-time
    |
    = help: the trait `Sized` is not implemented for `[u8]`
note: required by a bound in `std::prelude::v1::Ok`
   --> /home/sofiadeck/.rustup/toolchains/stable-aarch64-unknown-linux-gnu/lib/rustlib/src/rust/library/core/src/result.rs:557:17
    |
557 | pub enum Result<T, E> {
    |                 ^ required by this bound in `std::prelude::v1::Ok`
...
561 |     Ok(#[stable(feature = "rust1", since = "1.0.0")] T),
    |     -- required by a bound in this tuple variant

warning: unused import: `embedded_hal::digital::v2::OutputPin`
  --> src/hardware_cfg.rs:10:5
   |
10 | use embedded_hal::digital::v2::OutputPin; 
   |     ^^^^^^^^^^^^^^^^^^^^^^^^^^^^^^^^^^^^

Some errors have detailed explanations: E0277, E0308, E0425, E0433, E0583, E0599.
For more information about an error, try `rustc --explain E0277`.
warning: `GroundStation_Inclita` (bin "GroundStation_Inclita") generated 4 warnings
error: could not compile `GroundStation_Inclita` (bin "GroundStation_Inclita") due to 11 previous errors; 4 warnings emitted
